<?xml version="1.0" encoding="UTF-8"?>
<!-- Generated by org.testng.reporters.JUnitReportReporter -->
<testsuite hostname="LAPTOP-EMILY" failures="0" tests="1" name="com.regression.BankManagerOperations" time="7.597" errors="0" timestamp="2023-04-11T23:22:33 IST" skipped="0">
  <testcase classname="com.regression.BankManagerOperations" name="testCase" time="7.597"/>
  <system-out/>
</testsuite> <!-- com.regression.BankManagerOperations -->
