<?xml version="1.0" encoding="UTF-8"?>
<!-- Generated by org.testng.reporters.JUnitReportReporter -->
<testsuite hostname="LAPTOP-EMILY" failures="0" tests="1" name="com.regression.CustomerOperations" time="13.371" errors="0" timestamp="2023-04-12T03:46:03 IST" skipped="0">
  <testcase classname="com.regression.CustomerOperations" name="testCase" time="13.371"/>
  <system-out/>
</testsuite> <!-- com.regression.CustomerOperations -->
