<?xml version="1.0" encoding="UTF-8"?>
<!-- Generated by org.testng.reporters.JUnitReportReporter -->
<testsuite hostname="LAPTOP-EMILY" failures="0" tests="1" name="com.regression.TestMeTest" time="3.356" errors="0" timestamp="2023-04-10T23:23:36 IST" skipped="0">
  <testcase classname="com.regression.TestMeTest" name="testCase" time="3.356"/>
  <system-out/>
</testsuite> <!-- com.regression.TestMeTest -->
