<?xml version="1.0" encoding="UTF-8"?>
<!-- Generated by org.testng.reporters.JUnitReportReporter -->
<testsuite hostname="LAPTOP-EMILY" failures="0" tests="1" name="com.regression.BankManagerOperations" time="10.654" errors="0" timestamp="2023-04-12T03:56:40 IST" skipped="0">
  <testcase classname="com.regression.BankManagerOperations" name="testCase" time="10.654"/>
  <system-out/>
</testsuite> <!-- com.regression.BankManagerOperations -->
