<?xml version="1.0" encoding="UTF-8"?>
<!-- Generated by org.testng.reporters.JUnitReportReporter -->
<testsuite hostname="LAPTOP-EMILY" failures="0" tests="1" name="com.regression.TestMe" time="3.971" errors="0" timestamp="2023-04-10T23:57:33 IST" skipped="0">
  <testcase classname="com.regression.TestMe" name="testCase" time="3.971"/>
  <system-out/>
</testsuite> <!-- com.regression.TestMe -->
