<?xml version="1.0" encoding="UTF-8"?>
<!-- Generated by org.testng.reporters.JUnitReportReporter -->
<testsuite hostname="LAPTOP-EMILY" failures="0" tests="1" name="com.regression.BankManagerOperations" time="11.012" errors="0" timestamp="2023-04-12T02:13:59 IST" skipped="0">
  <testcase classname="com.regression.BankManagerOperations" name="testCase" time="11.012"/>
  <system-out/>
</testsuite> <!-- com.regression.BankManagerOperations -->
